0 info it worked if it ends with ok
1 verbose cli [ '/Users/ewatts/.nvm/versions/node/v6.11.0/bin/node',
1 verbose cli   '/Users/ewatts/.nvm/versions/node/v6.11.0/bin/npm',
1 verbose cli   'publish' ]
2 info using npm@3.10.10
3 info using node@v6.11.0
4 verbose publish [ '.' ]
5 silly cache add args [ '.', null ]
6 verbose cache add spec .
7 silly cache add parsed spec Result {
7 silly cache add   raw: '.',
7 silly cache add   scope: null,
7 silly cache add   escapedName: null,
7 silly cache add   name: null,
7 silly cache add   rawSpec: '.',
7 silly cache add   spec: '/Users/ewatts/Development/apis-apps/build-time',
7 silly cache add   type: 'directory' }
8 verbose addLocalDirectory /Users/ewatts/.npm/build-time/1.0.1/package.tgz not in flight; packing
9 verbose correctMkdir /Users/ewatts/.npm correctMkdir not in flight; initializing
10 info lifecycle build-time@1.0.1~prepublish: build-time@1.0.1
11 silly lifecycle build-time@1.0.1~prepublish: no script for prepublish, continuing
12 verbose tar pack [ '/Users/ewatts/.npm/build-time/1.0.1/package.tgz',
12 verbose tar pack   '/Users/ewatts/Development/apis-apps/build-time' ]
13 verbose tarball /Users/ewatts/.npm/build-time/1.0.1/package.tgz
14 verbose folder /Users/ewatts/Development/apis-apps/build-time
15 verbose addLocalTarball adding from inside cache /Users/ewatts/.npm/build-time/1.0.1/package.tgz
16 verbose correctMkdir /Users/ewatts/.npm correctMkdir not in flight; initializing
17 silly cache afterAdd build-time@1.0.1
18 verbose afterAdd /Users/ewatts/.npm/build-time/1.0.1/package/package.json not in flight; writing
19 verbose correctMkdir /Users/ewatts/.npm correctMkdir not in flight; initializing
20 verbose afterAdd /Users/ewatts/.npm/build-time/1.0.1/package/package.json written
21 silly publish { name: 'build-time',
21 silly publish   version: '1.0.1',
21 silly publish   description: 'Pass a date, returns an object with easy to use values to constuct your own time strings',
21 silly publish   main: 'index.js',
21 silly publish   scripts: { test: 'jest test' },
21 silly publish   repository:
21 silly publish    { type: 'git',
21 silly publish      url: 'git+https://github.com/ed-watts-87/build-time.git' },
21 silly publish   author: { name: 'Ed Watts' },
21 silly publish   license: 'ISC',
21 silly publish   devDependencies: { jest: '^20.0.4' },
21 silly publish   readme: '# build-time\n\nBuild time is an easy to use node module that given a JavaScript `Date`, it will return an object containing properties to construct various date/time strings.\n\n### Example\n```JavaScript\nconst buildTime = require(\'build-time\');\n\nconst myDate = buildTime(new Date(1504277298480));\n// returns\n{\n    "day": "01",\n    "fullDay": "Friday",\n    "shortDay": "Fri",\n    "month": "09",\n    "fullMonth": "September",\n    "shortMonth": "Sep",\n    "year": "2017",\n    "hour": "15",\n    "min": "48",\n    "sec": "48",\n    "ampm": "pm"\n}\n\nconsole.log(`${myDate.day}/${myDate.month}/${myDate.year}`);\n//returns "01/09/2017"\n\nconsole.log(`${dateThen.day} ${dateThen.fullMonth} ${dateThen.year}`);\n//returns "01 September 2017"\n```\n',
21 silly publish   readmeFilename: 'readme.md',
21 silly publish   gitHead: '9653cfb3bc5bd32d24ebf0203a3a2a62630fd809',
21 silly publish   bugs: { url: 'https://github.com/ed-watts-87/build-time/issues' },
21 silly publish   homepage: 'https://github.com/ed-watts-87/build-time#readme',
21 silly publish   _id: 'build-time@1.0.1',
21 silly publish   _shasum: '5add4f905d051e3a03e260db71f49150c2750088',
21 silly publish   _from: '.' }
22 verbose getPublishConfig undefined
23 silly mapToRegistry name build-time
24 silly mapToRegistry using default registry
25 silly mapToRegistry registry https://registry.npmjs.org/
26 silly mapToRegistry data Result {
26 silly mapToRegistry   raw: 'build-time',
26 silly mapToRegistry   scope: null,
26 silly mapToRegistry   escapedName: 'build-time',
26 silly mapToRegistry   name: 'build-time',
26 silly mapToRegistry   rawSpec: '',
26 silly mapToRegistry   spec: 'latest',
26 silly mapToRegistry   type: 'tag' }
27 silly mapToRegistry uri https://registry.npmjs.org/build-time
28 verbose publish registryBase https://registry.npmjs.org/
29 silly publish uploading /Users/ewatts/.npm/build-time/1.0.1/package.tgz
30 verbose request uri https://registry.npmjs.org/build-time
31 verbose request sending authorization for write operation
32 info attempt registry request try #1 at 2:24:22 PM
33 verbose request using bearer token for auth
34 verbose request id 03a1d375ef4fff96
35 http request PUT https://registry.npmjs.org/build-time
36 http 403 https://registry.npmjs.org/build-time
37 verbose headers { 'content-type': 'application/json',
37 verbose headers   'cache-control': 'max-age=300',
37 verbose headers   'content-length': '91',
37 verbose headers   'accept-ranges': 'bytes',
37 verbose headers   date: 'Mon, 04 Sep 2017 13:24:10 GMT',
37 verbose headers   via: '1.1 varnish',
37 verbose headers   connection: 'keep-alive',
37 verbose headers   'x-served-by': 'cache-lcy1145-LCY',
37 verbose headers   'x-cache': 'MISS',
37 verbose headers   'x-cache-hits': '0',
37 verbose headers   'x-timer': 'S1504531450.995420,VS0,VE776',
37 verbose headers   vary: 'Accept-Encoding, Accept' }
38 verbose request invalidating /Users/ewatts/.npm/registry.npmjs.org/build-time on PUT
39 error publish Failed PUT 403
40 verbose stack Error: You cannot publish over the previously published version 1.0.1. : build-time
40 verbose stack     at makeError (/Users/ewatts/.nvm/versions/node/v6.11.0/lib/node_modules/npm/node_modules/npm-registry-client/lib/request.js:302:12)
40 verbose stack     at CachingRegistryClient.<anonymous> (/Users/ewatts/.nvm/versions/node/v6.11.0/lib/node_modules/npm/node_modules/npm-registry-client/lib/request.js:290:14)
40 verbose stack     at Request._callback (/Users/ewatts/.nvm/versions/node/v6.11.0/lib/node_modules/npm/node_modules/npm-registry-client/lib/request.js:210:14)
40 verbose stack     at Request.self.callback (/Users/ewatts/.nvm/versions/node/v6.11.0/lib/node_modules/npm/node_modules/request/request.js:187:22)
40 verbose stack     at emitTwo (events.js:106:13)
40 verbose stack     at Request.emit (events.js:191:7)
40 verbose stack     at Request.<anonymous> (/Users/ewatts/.nvm/versions/node/v6.11.0/lib/node_modules/npm/node_modules/request/request.js:1048:10)
40 verbose stack     at emitOne (events.js:96:13)
40 verbose stack     at Request.emit (events.js:188:7)
40 verbose stack     at IncomingMessage.<anonymous> (/Users/ewatts/.nvm/versions/node/v6.11.0/lib/node_modules/npm/node_modules/request/request.js:969:12)
41 verbose statusCode 403
42 verbose pkgid build-time
43 verbose cwd /Users/ewatts/Development/apis-apps/build-time
44 error Darwin 16.7.0
45 error argv "/Users/ewatts/.nvm/versions/node/v6.11.0/bin/node" "/Users/ewatts/.nvm/versions/node/v6.11.0/bin/npm" "publish"
46 error node v6.11.0
47 error npm  v3.10.10
48 error code E403
49 error You cannot publish over the previously published version 1.0.1. : build-time
50 error If you need help, you may report this error at:
50 error     <https://github.com/npm/npm/issues>
51 verbose exit [ 1, true ]
